
--- undefined error ---
[undefined]error uncaughtException: Win is not defined
stack: ReferenceError: Win is not defined
    at module.exports (C:\Users\cybre\Documents\valet-parking-app\server\startup\config.js:2:5)
    at Object.<anonymous> (C:\Users\cybre\Documents\valet-parking-app\server\index.js:9:28)
    at Module._compile (node:internal/modules/cjs/loader:1254:14)
    at Module._extensions..js (node:internal/modules/cjs/loader:1308:10)
    at Module.load (node:internal/modules/cjs/loader:1117:32)
    at Module._load (node:internal/modules/cjs/loader:958:12)
    at Function.executeUserEntryPoint [as runMain] (node:internal/modules/run_main:81:12)
    at node:internal/main/run_main_module:23:47
--- undefined error ---


--- undefined error ---
[undefined]error uncaughtException: Unexpected token '}'
stack: C:\Users\cybre\Documents\valet-parking-app\server\startup\config.js:3
}
^

SyntaxError: Unexpected token '}'
    at internalCompileFunction (node:internal/vm:73:18)
    at wrapSafe (node:internal/modules/cjs/loader:1176:20)
    at Module._compile (node:internal/modules/cjs/loader:1218:27)
    at Module._extensions..js (node:internal/modules/cjs/loader:1308:10)
    at Module.load (node:internal/modules/cjs/loader:1117:32)
    at Module._load (node:internal/modules/cjs/loader:958:12)
    at Module.require (node:internal/modules/cjs/loader:1141:19)
    at require (node:internal/modules/cjs/helpers:110:18)
    at Object.<anonymous> (C:\Users\cybre\Documents\valet-parking-app\server\index.js:9:1)
    at Module._compile (node:internal/modules/cjs/loader:1254:14)
--- undefined error ---


--- undefined error ---
[undefined]error uncaughtException: Unexpected token '}'
stack: C:\Users\cybre\Documents\valet-parking-app\server\startup\config.js:3
}
^

SyntaxError: Unexpected token '}'
    at internalCompileFunction (node:internal/vm:73:18)
    at wrapSafe (node:internal/modules/cjs/loader:1176:20)
    at Module._compile (node:internal/modules/cjs/loader:1218:27)
    at Module._extensions..js (node:internal/modules/cjs/loader:1308:10)
    at Module.load (node:internal/modules/cjs/loader:1117:32)
    at Module._load (node:internal/modules/cjs/loader:958:12)
    at Module.require (node:internal/modules/cjs/loader:1141:19)
    at require (node:internal/modules/cjs/helpers:110:18)
    at Object.<anonymous> (C:\Users\cybre\Documents\valet-parking-app\server\index.js:9:1)
    at Module._compile (node:internal/modules/cjs/loader:1254:14)
--- undefined error ---


--- undefined error ---
[undefined]error uncaughtException: Unexpected token '}'
stack: C:\Users\cybre\Documents\valet-parking-app\server\startup\config.js:3
}
^

SyntaxError: Unexpected token '}'
    at internalCompileFunction (node:internal/vm:73:18)
    at wrapSafe (node:internal/modules/cjs/loader:1176:20)
    at Module._compile (node:internal/modules/cjs/loader:1218:27)
    at Module._extensions..js (node:internal/modules/cjs/loader:1308:10)
    at Module.load (node:internal/modules/cjs/loader:1117:32)
    at Module._load (node:internal/modules/cjs/loader:958:12)
    at Module.require (node:internal/modules/cjs/loader:1141:19)
    at require (node:internal/modules/cjs/helpers:110:18)
    at Object.<anonymous> (C:\Users\cybre\Documents\valet-parking-app\server\index.js:9:1)
    at Module._compile (node:internal/modules/cjs/loader:1254:14)
--- undefined error ---


--- undefined error ---
[undefined]error uncaughtException: Winston is not defined
stack: ReferenceError: Winston is not defined
    at module.exports (C:\Users\cybre\Documents\valet-parking-app\server\startup\config.js:2:5)
    at Object.<anonymous> (C:\Users\cybre\Documents\valet-parking-app\server\index.js:9:28)
    at Module._compile (node:internal/modules/cjs/loader:1254:14)
    at Module._extensions..js (node:internal/modules/cjs/loader:1308:10)
    at Module.load (node:internal/modules/cjs/loader:1117:32)
    at Module._load (node:internal/modules/cjs/loader:958:12)
    at Function.executeUserEntryPoint [as runMain] (node:internal/modules/run_main:81:12)
    at node:internal/main/run_main_module:23:47
--- undefined error ---


--- undefined error ---
[undefined]error uncaughtException: Unexpected token '}'
stack: C:\Users\cybre\Documents\valet-parking-app\server\startup\config.js:3
}
^

SyntaxError: Unexpected token '}'
    at internalCompileFunction (node:internal/vm:73:18)
    at wrapSafe (node:internal/modules/cjs/loader:1176:20)
    at Module._compile (node:internal/modules/cjs/loader:1218:27)
    at Module._extensions..js (node:internal/modules/cjs/loader:1308:10)
    at Module.load (node:internal/modules/cjs/loader:1117:32)
    at Module._load (node:internal/modules/cjs/loader:958:12)
    at Module.require (node:internal/modules/cjs/loader:1141:19)
    at require (node:internal/modules/cjs/helpers:110:18)
    at Object.<anonymous> (C:\Users\cybre\Documents\valet-parking-app\server\index.js:9:1)
    at Module._compile (node:internal/modules/cjs/loader:1254:14)
--- undefined error ---


--- undefined error ---
[undefined]error uncaughtException: Winston is not defined
stack: ReferenceError: Winston is not defined
    at module.exports (C:\Users\cybre\Documents\valet-parking-app\server\startup\config.js:2:5)
    at Object.<anonymous> (C:\Users\cybre\Documents\valet-parking-app\server\index.js:9:28)
    at Module._compile (node:internal/modules/cjs/loader:1254:14)
    at Module._extensions..js (node:internal/modules/cjs/loader:1308:10)
    at Module.load (node:internal/modules/cjs/loader:1117:32)
    at Module._load (node:internal/modules/cjs/loader:958:12)
    at Function.executeUserEntryPoint [as runMain] (node:internal/modules/run_main:81:12)
    at node:internal/main/run_main_module:23:47
--- undefined error ---


--- undefined error ---
[undefined]error uncaughtException: Winston is not defined
stack: ReferenceError: Winston is not defined
    at module.exports (C:\Users\cybre\Documents\valet-parking-app\server\startup\config.js:2:5)
    at Object.<anonymous> (C:\Users\cybre\Documents\valet-parking-app\server\index.js:9:28)
    at Module._compile (node:internal/modules/cjs/loader:1254:14)
    at Module._extensions..js (node:internal/modules/cjs/loader:1308:10)
    at Module.load (node:internal/modules/cjs/loader:1117:32)
    at Module._load (node:internal/modules/cjs/loader:958:12)
    at Function.executeUserEntryPoint [as runMain] (node:internal/modules/run_main:81:12)
    at node:internal/main/run_main_module:23:47
--- undefined error ---


--- undefined error ---
[undefined]error uncaughtException: Winston is not defined
stack: ReferenceError: Winston is not defined
    at module.exports (C:\Users\cybre\Documents\valet-parking-app\server\startup\config.js:2:5)
    at Object.<anonymous> (C:\Users\cybre\Documents\valet-parking-app\server\index.js:9:28)
    at Module._compile (node:internal/modules/cjs/loader:1254:14)
    at Module._extensions..js (node:internal/modules/cjs/loader:1308:10)
    at Module.load (node:internal/modules/cjs/loader:1117:32)
    at Module._load (node:internal/modules/cjs/loader:958:12)
    at Function.executeUserEntryPoint [as runMain] (node:internal/modules/run_main:81:12)
    at node:internal/main/run_main_module:23:47
--- undefined error ---


--- undefined error ---
[undefined]error uncaughtException: Winston is not defined
stack: ReferenceError: Winston is not defined
    at module.exports (C:\Users\cybre\Documents\valet-parking-app\server\startup\config.js:2:5)
    at Object.<anonymous> (C:\Users\cybre\Documents\valet-parking-app\server\index.js:9:28)
    at Module._compile (node:internal/modules/cjs/loader:1254:14)
    at Module._extensions..js (node:internal/modules/cjs/loader:1308:10)
    at Module.load (node:internal/modules/cjs/loader:1117:32)
    at Module._load (node:internal/modules/cjs/loader:958:12)
    at Function.executeUserEntryPoint [as runMain] (node:internal/modules/run_main:81:12)
    at node:internal/main/run_main_module:23:47
--- undefined error ---


--- undefined error ---
[undefined]error uncaughtException: Winston is not defined
stack: ReferenceError: Winston is not defined
    at module.exports (C:\Users\cybre\Documents\valet-parking-app\server\startup\config.js:2:5)
    at Object.<anonymous> (C:\Users\cybre\Documents\valet-parking-app\server\index.js:9:28)
    at Module._compile (node:internal/modules/cjs/loader:1254:14)
    at Module._extensions..js (node:internal/modules/cjs/loader:1308:10)
    at Module.load (node:internal/modules/cjs/loader:1117:32)
    at Module._load (node:internal/modules/cjs/loader:958:12)
    at Function.executeUserEntryPoint [as runMain] (node:internal/modules/run_main:81:12)
    at node:internal/main/run_main_module:23:47
--- undefined error ---


--- undefined error ---
[undefined]error uncaughtException: Unexpected token '}'
stack: C:\Users\cybre\Documents\valet-parking-app\server\startup\config.js:2
    Winston.info(`Application Name: ${}`)
                                      ^

SyntaxError: Unexpected token '}'
    at internalCompileFunction (node:internal/vm:73:18)
    at wrapSafe (node:internal/modules/cjs/loader:1176:20)
    at Module._compile (node:internal/modules/cjs/loader:1218:27)
    at Module._extensions..js (node:internal/modules/cjs/loader:1308:10)
    at Module.load (node:internal/modules/cjs/loader:1117:32)
    at Module._load (node:internal/modules/cjs/loader:958:12)
    at Module.require (node:internal/modules/cjs/loader:1141:19)
    at require (node:internal/modules/cjs/helpers:110:18)
    at Object.<anonymous> (C:\Users\cybre\Documents\valet-parking-app\server\index.js:9:1)
    at Module._compile (node:internal/modules/cjs/loader:1254:14)
--- undefined error ---


--- undefined error ---
[undefined]error uncaughtException: Winston is not defined
stack: ReferenceError: Winston is not defined
    at module.exports (C:\Users\cybre\Documents\valet-parking-app\server\startup\config.js:2:5)
    at Object.<anonymous> (C:\Users\cybre\Documents\valet-parking-app\server\index.js:9:28)
    at Module._compile (node:internal/modules/cjs/loader:1254:14)
    at Module._extensions..js (node:internal/modules/cjs/loader:1308:10)
    at Module.load (node:internal/modules/cjs/loader:1117:32)
    at Module._load (node:internal/modules/cjs/loader:958:12)
    at Function.executeUserEntryPoint [as runMain] (node:internal/modules/run_main:81:12)
    at node:internal/main/run_main_module:23:47
--- undefined error ---


--- undefined error ---
[undefined]error uncaughtException: Winston is not defined
stack: ReferenceError: Winston is not defined
    at module.exports (C:\Users\cybre\Documents\valet-parking-app\server\startup\config.js:2:5)
    at Object.<anonymous> (C:\Users\cybre\Documents\valet-parking-app\server\index.js:9:28)
    at Module._compile (node:internal/modules/cjs/loader:1254:14)
    at Module._extensions..js (node:internal/modules/cjs/loader:1308:10)
    at Module.load (node:internal/modules/cjs/loader:1117:32)
    at Module._load (node:internal/modules/cjs/loader:958:12)
    at Function.executeUserEntryPoint [as runMain] (node:internal/modules/run_main:81:12)
    at node:internal/main/run_main_module:23:47
--- undefined error ---


--- undefined error ---
[undefined]error uncaughtException: Winston is not defined
stack: ReferenceError: Winston is not defined
    at module.exports (C:\Users\cybre\Documents\valet-parking-app\server\startup\config.js:2:5)
    at Object.<anonymous> (C:\Users\cybre\Documents\valet-parking-app\server\index.js:9:28)
    at Module._compile (node:internal/modules/cjs/loader:1254:14)
    at Module._extensions..js (node:internal/modules/cjs/loader:1308:10)
    at Module.load (node:internal/modules/cjs/loader:1117:32)
    at Module._load (node:internal/modules/cjs/loader:958:12)
    at Function.executeUserEntryPoint [as runMain] (node:internal/modules/run_main:81:12)
    at node:internal/main/run_main_module:23:47
--- undefined error ---


--- undefined error ---
[undefined]error uncaughtException: con is not defined
stack: ReferenceError: con is not defined
    at Object.<anonymous> (C:\Users\cybre\Documents\valet-parking-app\server\startup\config.js:1:1)
    at Module._compile (node:internal/modules/cjs/loader:1254:14)
    at Module._extensions..js (node:internal/modules/cjs/loader:1308:10)
    at Module.load (node:internal/modules/cjs/loader:1117:32)
    at Module._load (node:internal/modules/cjs/loader:958:12)
    at Module.require (node:internal/modules/cjs/loader:1141:19)
    at require (node:internal/modules/cjs/helpers:110:18)
    at Object.<anonymous> (C:\Users\cybre\Documents\valet-parking-app\server\index.js:9:1)
    at Module._compile (node:internal/modules/cjs/loader:1254:14)
    at Module._extensions..js (node:internal/modules/cjs/loader:1308:10)
--- undefined error ---


--- undefined error ---
[undefined]error uncaughtException: Missing initializer in const declaration
stack: C:\Users\cybre\Documents\valet-parking-app\server\startup\config.js:1
const config
      ^^^^^^

SyntaxError: Missing initializer in const declaration
    at internalCompileFunction (node:internal/vm:73:18)
    at wrapSafe (node:internal/modules/cjs/loader:1176:20)
    at Module._compile (node:internal/modules/cjs/loader:1218:27)
    at Module._extensions..js (node:internal/modules/cjs/loader:1308:10)
    at Module.load (node:internal/modules/cjs/loader:1117:32)
    at Module._load (node:internal/modules/cjs/loader:958:12)
    at Module.require (node:internal/modules/cjs/loader:1141:19)
    at require (node:internal/modules/cjs/helpers:110:18)
    at Object.<anonymous> (C:\Users\cybre\Documents\valet-parking-app\server\index.js:9:1)
    at Module._compile (node:internal/modules/cjs/loader:1254:14)
--- undefined error ---


--- undefined error ---
[undefined]error uncaughtException: Winston is not defined
stack: ReferenceError: Winston is not defined
    at module.exports (C:\Users\cybre\Documents\valet-parking-app\server\startup\config.js:4:5)
    at Object.<anonymous> (C:\Users\cybre\Documents\valet-parking-app\server\index.js:9:28)
    at Module._compile (node:internal/modules/cjs/loader:1254:14)
    at Module._extensions..js (node:internal/modules/cjs/loader:1308:10)
    at Module.load (node:internal/modules/cjs/loader:1117:32)
    at Module._load (node:internal/modules/cjs/loader:958:12)
    at Function.executeUserEntryPoint [as runMain] (node:internal/modules/run_main:81:12)
    at node:internal/main/run_main_module:23:47
--- undefined error ---


--- undefined error ---
[undefined]error uncaughtException: Winston is not defined
stack: ReferenceError: Winston is not defined
    at module.exports (C:\Users\cybre\Documents\valet-parking-app\server\startup\config.js:4:5)
    at Object.<anonymous> (C:\Users\cybre\Documents\valet-parking-app\server\index.js:9:28)
    at Module._compile (node:internal/modules/cjs/loader:1254:14)
    at Module._extensions..js (node:internal/modules/cjs/loader:1308:10)
    at Module.load (node:internal/modules/cjs/loader:1117:32)
    at Module._load (node:internal/modules/cjs/loader:958:12)
    at Function.executeUserEntryPoint [as runMain] (node:internal/modules/run_main:81:12)
    at node:internal/main/run_main_module:23:47
--- undefined error ---


--- undefined error ---
[undefined]error uncaughtException: Winston is not defined
stack: ReferenceError: Winston is not defined
    at module.exports (C:\Users\cybre\Documents\valet-parking-app\server\startup\config.js:4:5)
    at Object.<anonymous> (C:\Users\cybre\Documents\valet-parking-app\server\index.js:9:28)
    at Module._compile (node:internal/modules/cjs/loader:1254:14)
    at Module._extensions..js (node:internal/modules/cjs/loader:1308:10)
    at Module.load (node:internal/modules/cjs/loader:1117:32)
    at Module._load (node:internal/modules/cjs/loader:958:12)
    at Function.executeUserEntryPoint [as runMain] (node:internal/modules/run_main:81:12)
    at node:internal/main/run_main_module:23:47
--- undefined error ---


--- undefined error ---
[undefined]error uncaughtException: Identifier 'module' has already been declared
stack: C:\Users\cybre\Documents\valet-parking-app\server\startup\config.js:4
module.exports = function () {
^

SyntaxError: Identifier 'module' has already been declared
    at internalCompileFunction (node:internal/vm:73:18)
    at wrapSafe (node:internal/modules/cjs/loader:1176:20)
    at Module._compile (node:internal/modules/cjs/loader:1218:27)
    at Module._extensions..js (node:internal/modules/cjs/loader:1308:10)
    at Module.load (node:internal/modules/cjs/loader:1117:32)
    at Module._load (node:internal/modules/cjs/loader:958:12)
    at Module.require (node:internal/modules/cjs/loader:1141:19)
    at require (node:internal/modules/cjs/helpers:110:18)
    at Object.<anonymous> (C:\Users\cybre\Documents\valet-parking-app\server\index.js:9:1)
    at Module._compile (node:internal/modules/cjs/loader:1254:14)
--- undefined error ---


--- undefined error ---
[undefined]error uncaughtException: Winston.info is not a function
stack: TypeError: Winston.info is not a function
    at module.exports (C:\Users\cybre\Documents\valet-parking-app\server\startup\config.js:5:13)
    at Object.<anonymous> (C:\Users\cybre\Documents\valet-parking-app\server\index.js:9:28)
    at Module._compile (node:internal/modules/cjs/loader:1254:14)
    at Module._extensions..js (node:internal/modules/cjs/loader:1308:10)
    at Module.load (node:internal/modules/cjs/loader:1117:32)
    at Module._load (node:internal/modules/cjs/loader:958:12)
    at Function.executeUserEntryPoint [as runMain] (node:internal/modules/run_main:81:12)
    at node:internal/main/run_main_module:23:47
--- undefined error ---


--- undefined error ---
[undefined]error uncaughtException: The "id" argument must be of type string. Received undefined
stack: TypeError [ERR_INVALID_ARG_TYPE]: The "id" argument must be of type string. Received undefined
    at new NodeError (node:internal/errors:399:5)
    at validateString (node:internal/validators:163:11)
    at Module.require (node:internal/modules/cjs/loader:1134:3)
    at require (node:internal/modules/cjs/helpers:110:18)
    at Object.<anonymous> (C:\Users\cybre\Documents\valet-parking-app\server\startup\config.js:2:17)
    at Module._compile (node:internal/modules/cjs/loader:1254:14)
    at Module._extensions..js (node:internal/modules/cjs/loader:1308:10)
    at Module.load (node:internal/modules/cjs/loader:1117:32)
    at Module._load (node:internal/modules/cjs/loader:958:12)
    at Module.require (node:internal/modules/cjs/loader:1141:19)
--- undefined error ---


--- undefined error ---
[undefined]error uncaughtException: Cannot find module '../../'
stack: Require stack:
- C:\Users\cybre\Documents\valet-parking-app\server\index.js
Error: Cannot find module '../../'
Require stack:
- C:\Users\cybre\Documents\valet-parking-app\server\index.js
    at Module._resolveFilename (node:internal/modules/cjs/loader:1075:15)
    at Module._load (node:internal/modules/cjs/loader:920:27)
    at Module.require (node:internal/modules/cjs/loader:1141:19)
    at require (node:internal/modules/cjs/helpers:110:18)
    at Object.<anonymous> (C:\Users\cybre\Documents\valet-parking-app\server\index.js:10:1)
    at Module._compile (node:internal/modules/cjs/loader:1254:14)
    at Module._extensions..js (node:internal/modules/cjs/loader:1308:10)
    at Module.load (node:internal/modules/cjs/loader:1117:32)
    at Module._load (node:internal/modules/cjs/loader:958:12)
    at Function.executeUserEntryPoint [as runMain] (node:internal/modules/run_main:81:12)
--- undefined error ---


--- undefined error ---
[undefined]error uncaughtException: Cannot find module '../start'
stack: Require stack:
- C:\Users\cybre\Documents\valet-parking-app\server\index.js
Error: Cannot find module '../start'
Require stack:
- C:\Users\cybre\Documents\valet-parking-app\server\index.js
    at Module._resolveFilename (node:internal/modules/cjs/loader:1075:15)
    at Module._load (node:internal/modules/cjs/loader:920:27)
    at Module.require (node:internal/modules/cjs/loader:1141:19)
    at require (node:internal/modules/cjs/helpers:110:18)
    at Object.<anonymous> (C:\Users\cybre\Documents\valet-parking-app\server\index.js:10:1)
    at Module._compile (node:internal/modules/cjs/loader:1254:14)
    at Module._extensions..js (node:internal/modules/cjs/loader:1308:10)
    at Module.load (node:internal/modules/cjs/loader:1117:32)
    at Module._load (node:internal/modules/cjs/loader:958:12)
    at Function.executeUserEntryPoint [as runMain] (node:internal/modules/run_main:81:12)
--- undefined error ---


--- undefined error ---
[undefined]error uncaughtException: Cannot find module '../startup/'
stack: Require stack:
- C:\Users\cybre\Documents\valet-parking-app\server\index.js
Error: Cannot find module '../startup/'
Require stack:
- C:\Users\cybre\Documents\valet-parking-app\server\index.js
    at Module._resolveFilename (node:internal/modules/cjs/loader:1075:15)
    at Module._load (node:internal/modules/cjs/loader:920:27)
    at Module.require (node:internal/modules/cjs/loader:1141:19)
    at require (node:internal/modules/cjs/helpers:110:18)
    at Object.<anonymous> (C:\Users\cybre\Documents\valet-parking-app\server\index.js:10:1)
    at Module._compile (node:internal/modules/cjs/loader:1254:14)
    at Module._extensions..js (node:internal/modules/cjs/loader:1308:10)
    at Module.load (node:internal/modules/cjs/loader:1117:32)
    at Module._load (node:internal/modules/cjs/loader:958:12)
    at Function.executeUserEntryPoint [as runMain] (node:internal/modules/run_main:81:12)
--- undefined error ---


--- undefined error ---
[undefined]error uncaughtException: Cannot find module './startup/'
stack: Require stack:
- C:\Users\cybre\Documents\valet-parking-app\server\index.js
Error: Cannot find module './startup/'
Require stack:
- C:\Users\cybre\Documents\valet-parking-app\server\index.js
    at Module._resolveFilename (node:internal/modules/cjs/loader:1075:15)
    at Module._load (node:internal/modules/cjs/loader:920:27)
    at Module.require (node:internal/modules/cjs/loader:1141:19)
    at require (node:internal/modules/cjs/helpers:110:18)
    at Object.<anonymous> (C:\Users\cybre\Documents\valet-parking-app\server\index.js:10:1)
    at Module._compile (node:internal/modules/cjs/loader:1254:14)
    at Module._extensions..js (node:internal/modules/cjs/loader:1308:10)
    at Module.load (node:internal/modules/cjs/loader:1117:32)
    at Module._load (node:internal/modules/cjs/loader:958:12)
    at Function.executeUserEntryPoint [as runMain] (node:internal/modules/run_main:81:12)
--- undefined error ---


--- undefined error ---
[undefined]error uncaughtException: express is not defined
stack: ReferenceError: express is not defined
    at module.exports (C:\Users\cybre\Documents\valet-parking-app\server\startup\routes-middlesware.js:14:13)
    at Object.<anonymous> (C:\Users\cybre\Documents\valet-parking-app\server\index.js:10:40)
    at Module._compile (node:internal/modules/cjs/loader:1254:14)
    at Module._extensions..js (node:internal/modules/cjs/loader:1308:10)
    at Module.load (node:internal/modules/cjs/loader:1117:32)
    at Module._load (node:internal/modules/cjs/loader:958:12)
    at Function.executeUserEntryPoint [as runMain] (node:internal/modules/run_main:81:12)
    at node:internal/main/run_main_module:23:47
--- undefined error ---


--- undefined error ---
[undefined]error uncaughtException: express is not defined
stack: ReferenceError: express is not defined
    at module.exports (C:\Users\cybre\Documents\valet-parking-app\server\startup\routes-middlesware.js:14:13)
    at Object.<anonymous> (C:\Users\cybre\Documents\valet-parking-app\server\index.js:10:40)
    at Module._compile (node:internal/modules/cjs/loader:1254:14)
    at Module._extensions..js (node:internal/modules/cjs/loader:1308:10)
    at Module.load (node:internal/modules/cjs/loader:1117:32)
    at Module._load (node:internal/modules/cjs/loader:958:12)
    at Function.executeUserEntryPoint [as runMain] (node:internal/modules/run_main:81:12)
    at node:internal/main/run_main_module:23:47
--- undefined error ---


--- undefined error ---
[undefined]error uncaughtException: required is not defined
stack: ReferenceError: required is not defined
    at Object.<anonymous> (C:\Users\cybre\Documents\valet-parking-app\server\startup\routes-middlesware.js:1:17)
    at Module._compile (node:internal/modules/cjs/loader:1254:14)
    at Module._extensions..js (node:internal/modules/cjs/loader:1308:10)
    at Module.load (node:internal/modules/cjs/loader:1117:32)
    at Module._load (node:internal/modules/cjs/loader:958:12)
    at Module.require (node:internal/modules/cjs/loader:1141:19)
    at require (node:internal/modules/cjs/helpers:110:18)
    at Object.<anonymous> (C:\Users\cybre\Documents\valet-parking-app\server\index.js:10:1)
    at Module._compile (node:internal/modules/cjs/loader:1254:14)
    at Module._extensions..js (node:internal/modules/cjs/loader:1308:10)
--- undefined error ---


--- undefined error ---
[undefined]error uncaughtException: required is not defined
stack: ReferenceError: required is not defined
    at Object.<anonymous> (C:\Users\cybre\Documents\valet-parking-app\server\startup\routes-middlesware.js:1:17)
    at Module._compile (node:internal/modules/cjs/loader:1254:14)
    at Module._extensions..js (node:internal/modules/cjs/loader:1308:10)
    at Module.load (node:internal/modules/cjs/loader:1117:32)
    at Module._load (node:internal/modules/cjs/loader:958:12)
    at Module.require (node:internal/modules/cjs/loader:1141:19)
    at require (node:internal/modules/cjs/helpers:110:18)
    at Object.<anonymous> (C:\Users\cybre\Documents\valet-parking-app\server\index.js:10:1)
    at Module._compile (node:internal/modules/cjs/loader:1254:14)
    at Module._extensions..js (node:internal/modules/cjs/loader:1308:10)
--- undefined error ---


--- undefined error ---
[undefined]error uncaughtException: Unexpected token 'const'
stack: C:\Users\cybre\Documents\valet-parking-app\server\startup\routes-middlesware.js:10
const myFormat = printf(({ level, message }) => {
^^^^^

SyntaxError: Unexpected token 'const'
    at internalCompileFunction (node:internal/vm:73:18)
    at wrapSafe (node:internal/modules/cjs/loader:1176:20)
    at Module._compile (node:internal/modules/cjs/loader:1218:27)
    at Module._extensions..js (node:internal/modules/cjs/loader:1308:10)
    at Module.load (node:internal/modules/cjs/loader:1117:32)
    at Module._load (node:internal/modules/cjs/loader:958:12)
    at Module.require (node:internal/modules/cjs/loader:1141:19)
    at require (node:internal/modules/cjs/helpers:110:18)
    at Object.<anonymous> (C:\Users\cybre\Documents\valet-parking-app\server\index.js:10:1)
    at Module._compile (node:internal/modules/cjs/loader:1254:14)
--- undefined error ---


--- undefined error ---
[undefined]error uncaughtException: Unexpected token 'const'
stack: C:\Users\cybre\Documents\valet-parking-app\server\startup\routes-middlesware.js:10
const myFormat = printf(({ level, message }) => {
^^^^^

SyntaxError: Unexpected token 'const'
    at internalCompileFunction (node:internal/vm:73:18)
    at wrapSafe (node:internal/modules/cjs/loader:1176:20)
    at Module._compile (node:internal/modules/cjs/loader:1218:27)
    at Module._extensions..js (node:internal/modules/cjs/loader:1308:10)
    at Module.load (node:internal/modules/cjs/loader:1117:32)
    at Module._load (node:internal/modules/cjs/loader:958:12)
    at Module.require (node:internal/modules/cjs/loader:1141:19)
    at require (node:internal/modules/cjs/helpers:110:18)
    at Object.<anonymous> (C:\Users\cybre\Documents\valet-parking-app\server\index.js:10:1)
    at Module._compile (node:internal/modules/cjs/loader:1254:14)
--- undefined error ---


--- undefined error ---
[undefined]error uncaughtException: Missing initializer in const declaration
stack: C:\Users\cybre\Documents\valet-parking-app\server\startup\routes-middlesware.js:8
const cars
      ^^^^

SyntaxError: Missing initializer in const declaration
    at internalCompileFunction (node:internal/vm:73:18)
    at wrapSafe (node:internal/modules/cjs/loader:1176:20)
    at Module._compile (node:internal/modules/cjs/loader:1218:27)
    at Module._extensions..js (node:internal/modules/cjs/loader:1308:10)
    at Module.load (node:internal/modules/cjs/loader:1117:32)
    at Module._load (node:internal/modules/cjs/loader:958:12)
    at Module.require (node:internal/modules/cjs/loader:1141:19)
    at require (node:internal/modules/cjs/helpers:110:18)
    at Object.<anonymous> (C:\Users\cybre\Documents\valet-parking-app\server\index.js:10:1)
    at Module._compile (node:internal/modules/cjs/loader:1254:14)
--- undefined error ---


--- undefined error ---
[undefined]error uncaughtException: Unexpected token 'const'
stack: C:\Users\cybre\Documents\valet-parking-app\server\startup\routes-middlesware.js:10
const myFormat = printf(({ level, message }) => {
^^^^^

SyntaxError: Unexpected token 'const'
    at internalCompileFunction (node:internal/vm:73:18)
    at wrapSafe (node:internal/modules/cjs/loader:1176:20)
    at Module._compile (node:internal/modules/cjs/loader:1218:27)
    at Module._extensions..js (node:internal/modules/cjs/loader:1308:10)
    at Module.load (node:internal/modules/cjs/loader:1117:32)
    at Module._load (node:internal/modules/cjs/loader:958:12)
    at Module.require (node:internal/modules/cjs/loader:1141:19)
    at require (node:internal/modules/cjs/helpers:110:18)
    at Object.<anonymous> (C:\Users\cybre\Documents\valet-parking-app\server\index.js:10:1)
    at Module._compile (node:internal/modules/cjs/loader:1254:14)
--- undefined error ---


--- undefined error ---
[undefined]error uncaughtException: Unexpected token '}'
stack: C:\Users\cybre\Documents\valet-parking-app\server\startup\routes-middlesware.js:31
}
^

SyntaxError: Unexpected token '}'
    at internalCompileFunction (node:internal/vm:73:18)
    at wrapSafe (node:internal/modules/cjs/loader:1176:20)
    at Module._compile (node:internal/modules/cjs/loader:1218:27)
    at Module._extensions..js (node:internal/modules/cjs/loader:1308:10)
    at Module.load (node:internal/modules/cjs/loader:1117:32)
    at Module._load (node:internal/modules/cjs/loader:958:12)
    at Module.require (node:internal/modules/cjs/loader:1141:19)
    at require (node:internal/modules/cjs/helpers:110:18)
    at Object.<anonymous> (C:\Users\cybre\Documents\valet-parking-app\server\index.js:10:1)
    at Module._compile (node:internal/modules/cjs/loader:1254:14)
--- undefined error ---


--- undefined error ---
[undefined]error uncaughtException: app.use() requires a middleware function
stack: TypeError: app.use() requires a middleware function
    at Function.use (C:\Users\cybre\Documents\valet-parking-app\server\node_modules\express\lib\application.js:217:11)
    at module.exports (C:\Users\cybre\Documents\valet-parking-app\server\startup\routes-middlesware.js:30:9)
    at Object.<anonymous> (C:\Users\cybre\Documents\valet-parking-app\server\index.js:10:40)
    at Module._compile (node:internal/modules/cjs/loader:1254:14)
    at Module._extensions..js (node:internal/modules/cjs/loader:1308:10)
    at Module.load (node:internal/modules/cjs/loader:1117:32)
    at Module._load (node:internal/modules/cjs/loader:958:12)
    at Function.executeUserEntryPoint [as runMain] (node:internal/modules/run_main:81:12)
    at node:internal/main/run_main_module:23:47
--- undefined error ---


--- undefined error ---
[undefined]error uncaughtException: app.use() requires a middleware function
stack: TypeError: app.use() requires a middleware function
    at Function.use (C:\Users\cybre\Documents\valet-parking-app\server\node_modules\express\lib\application.js:217:11)
    at module.exports (C:\Users\cybre\Documents\valet-parking-app\server\startup\routes-middlesware.js:30:9)
    at Object.<anonymous> (C:\Users\cybre\Documents\valet-parking-app\server\index.js:10:40)
    at Module._compile (node:internal/modules/cjs/loader:1254:14)
    at Module._extensions..js (node:internal/modules/cjs/loader:1308:10)
    at Module.load (node:internal/modules/cjs/loader:1117:32)
    at Module._load (node:internal/modules/cjs/loader:958:12)
    at Function.executeUserEntryPoint [as runMain] (node:internal/modules/run_main:81:12)
    at node:internal/main/run_main_module:23:47
--- undefined error ---


--- undefined error ---
[undefined]error uncaughtException: Unexpected token 'new'
stack: C:\Users\cybre\Documents\valet-parking-app\server\controllers\carsController.js:19
            const new
                  ^^^

SyntaxError: Unexpected token 'new'
    at internalCompileFunction (node:internal/vm:73:18)
    at wrapSafe (node:internal/modules/cjs/loader:1176:20)
    at Module._compile (node:internal/modules/cjs/loader:1218:27)
    at Module._extensions..js (node:internal/modules/cjs/loader:1308:10)
    at Module.load (node:internal/modules/cjs/loader:1117:32)
    at Module._load (node:internal/modules/cjs/loader:958:12)
    at Module.require (node:internal/modules/cjs/loader:1141:19)
    at require (node:internal/modules/cjs/helpers:110:18)
    at Object.<anonymous> (C:\Users\cybre\Documents\valet-parking-app\server\routes\carsRoute.js:3:24)
    at Module._compile (node:internal/modules/cjs/loader:1254:14)
--- undefined error ---


--- undefined error ---
[undefined]error uncaughtException: Unexpected token ')'
stack: C:\Users\cybre\Documents\valet-parking-app\server\controllers\carsController.js:19
            const newCar = new Car({...req.body)
                                               ^

SyntaxError: Unexpected token ')'
    at internalCompileFunction (node:internal/vm:73:18)
    at wrapSafe (node:internal/modules/cjs/loader:1176:20)
    at Module._compile (node:internal/modules/cjs/loader:1218:27)
    at Module._extensions..js (node:internal/modules/cjs/loader:1308:10)
    at Module.load (node:internal/modules/cjs/loader:1117:32)
    at Module._load (node:internal/modules/cjs/loader:958:12)
    at Module.require (node:internal/modules/cjs/loader:1141:19)
    at require (node:internal/modules/cjs/helpers:110:18)
    at Object.<anonymous> (C:\Users\cybre\Documents\valet-parking-app\server\routes\carsRoute.js:3:24)
    at Module._compile (node:internal/modules/cjs/loader:1254:14)
--- undefined error ---


--- undefined error ---
[undefined]error uncaughtException: Unexpected token ')'
stack: C:\Users\cybre\Documents\valet-parking-app\server\controllers\carsController.js:21
            console.log(new);
                           ^

SyntaxError: Unexpected token ')'
    at internalCompileFunction (node:internal/vm:73:18)
    at wrapSafe (node:internal/modules/cjs/loader:1176:20)
    at Module._compile (node:internal/modules/cjs/loader:1218:27)
    at Module._extensions..js (node:internal/modules/cjs/loader:1308:10)
    at Module.load (node:internal/modules/cjs/loader:1117:32)
    at Module._load (node:internal/modules/cjs/loader:958:12)
    at Module.require (node:internal/modules/cjs/loader:1141:19)
    at require (node:internal/modules/cjs/helpers:110:18)
    at Object.<anonymous> (C:\Users\cybre\Documents\valet-parking-app\server\routes\carsRoute.js:3:24)
    at Module._compile (node:internal/modules/cjs/loader:1254:14)
--- undefined error ---


--- undefined error ---
[undefined]error uncaughtException: Unexpected token 'const'
stack: C:\Users\cybre\Documents\valet-parking-app\server\middleware\validateMiddleware.js:9
const getDB = require('../utilities/getDB');
^^^^^

SyntaxError: Unexpected token 'const'
    at internalCompileFunction (node:internal/vm:73:18)
    at wrapSafe (node:internal/modules/cjs/loader:1176:20)
    at Module._compile (node:internal/modules/cjs/loader:1218:27)
    at Module._extensions..js (node:internal/modules/cjs/loader:1308:10)
    at Module.load (node:internal/modules/cjs/loader:1117:32)
    at Module._load (node:internal/modules/cjs/loader:958:12)
    at Module.require (node:internal/modules/cjs/loader:1141:19)
    at require (node:internal/modules/cjs/helpers:110:18)
    at Object.<anonymous> (C:\Users\cybre\Documents\valet-parking-app\server\routes\carsRoute.js:4:19)
    at Module._compile (node:internal/modules/cjs/loader:1254:14)
--- undefined error ---


--- undefined error ---
[undefined]error uncaughtException: Identifier 'newCar' has already been declared
stack: C:\Users\cybre\Documents\valet-parking-app\server\controllers\carsController.js:19
            const newCar = new Car({ ...req.body });
                  ^

SyntaxError: Identifier 'newCar' has already been declared
    at internalCompileFunction (node:internal/vm:73:18)
    at wrapSafe (node:internal/modules/cjs/loader:1176:20)
    at Module._compile (node:internal/modules/cjs/loader:1218:27)
    at Module._extensions..js (node:internal/modules/cjs/loader:1308:10)
    at Module.load (node:internal/modules/cjs/loader:1117:32)
    at Module._load (node:internal/modules/cjs/loader:958:12)
    at Module.require (node:internal/modules/cjs/loader:1141:19)
    at require (node:internal/modules/cjs/helpers:110:18)
    at Object.<anonymous> (C:\Users\cybre\Documents\valet-parking-app\server\routes\carsRoute.js:3:24)
    at Module._compile (node:internal/modules/cjs/loader:1254:14)
--- undefined error ---


--- undefined error ---
[undefined]error uncaughtException: Identifier 'newCar' has already been declared
stack: C:\Users\cybre\Documents\valet-parking-app\server\controllers\carsController.js:19
            const newCar = new Car({ ...req.body });
                  ^

SyntaxError: Identifier 'newCar' has already been declared
    at internalCompileFunction (node:internal/vm:73:18)
    at wrapSafe (node:internal/modules/cjs/loader:1176:20)
    at Module._compile (node:internal/modules/cjs/loader:1218:27)
    at Module._extensions..js (node:internal/modules/cjs/loader:1308:10)
    at Module.load (node:internal/modules/cjs/loader:1117:32)
    at Module._load (node:internal/modules/cjs/loader:958:12)
    at Module.require (node:internal/modules/cjs/loader:1141:19)
    at require (node:internal/modules/cjs/helpers:110:18)
    at Object.<anonymous> (C:\Users\cybre\Documents\valet-parking-app\server\routes\carsRoute.js:3:24)
    at Module._compile (node:internal/modules/cjs/loader:1254:14)
--- undefined error ---


--- undefined error ---
[undefined]error uncaughtException: Unexpected token ')'
stack: C:\Users\cybre\Documents\valet-parking-app\server\controllers\carsController.js:17
            if (new) return res.status(400).send('Car has already been stored.');
                   ^

SyntaxError: Unexpected token ')'
    at internalCompileFunction (node:internal/vm:73:18)
    at wrapSafe (node:internal/modules/cjs/loader:1176:20)
    at Module._compile (node:internal/modules/cjs/loader:1218:27)
    at Module._extensions..js (node:internal/modules/cjs/loader:1308:10)
    at Module.load (node:internal/modules/cjs/loader:1117:32)
    at Module._load (node:internal/modules/cjs/loader:958:12)
    at Module.require (node:internal/modules/cjs/loader:1141:19)
    at require (node:internal/modules/cjs/helpers:110:18)
    at Object.<anonymous> (C:\Users\cybre\Documents\valet-parking-app\server\routes\carsRoute.js:3:24)
    at Module._compile (node:internal/modules/cjs/loader:1254:14)
--- undefined error ---


--- undefined error ---
[undefined]error uncaughtException: Identifier 'newCar' has already been declared
stack: C:\Users\cybre\Documents\valet-parking-app\server\controllers\carsController.js:19
            const newCar = new Car({ ...req.body });
                  ^

SyntaxError: Identifier 'newCar' has already been declared
    at internalCompileFunction (node:internal/vm:73:18)
    at wrapSafe (node:internal/modules/cjs/loader:1176:20)
    at Module._compile (node:internal/modules/cjs/loader:1218:27)
    at Module._extensions..js (node:internal/modules/cjs/loader:1308:10)
    at Module.load (node:internal/modules/cjs/loader:1117:32)
    at Module._load (node:internal/modules/cjs/loader:958:12)
    at Module.require (node:internal/modules/cjs/loader:1141:19)
    at require (node:internal/modules/cjs/helpers:110:18)
    at Object.<anonymous> (C:\Users\cybre\Documents\valet-parking-app\server\routes\carsRoute.js:3:24)
    at Module._compile (node:internal/modules/cjs/loader:1254:14)
--- undefined error ---


--- undefined error ---
[undefined]error uncaughtException: Identifier 'carIsInSystem' has already been declared
stack: C:\Users\cybre\Documents\valet-parking-app\server\controllers\carsController.js:19
            const carIsInSystem = new Car({ ...req.body });
                  ^

SyntaxError: Identifier 'carIsInSystem' has already been declared
    at internalCompileFunction (node:internal/vm:73:18)
    at wrapSafe (node:internal/modules/cjs/loader:1176:20)
    at Module._compile (node:internal/modules/cjs/loader:1218:27)
    at Module._extensions..js (node:internal/modules/cjs/loader:1308:10)
    at Module.load (node:internal/modules/cjs/loader:1117:32)
    at Module._load (node:internal/modules/cjs/loader:958:12)
    at Module.require (node:internal/modules/cjs/loader:1141:19)
    at require (node:internal/modules/cjs/helpers:110:18)
    at Object.<anonymous> (C:\Users\cybre\Documents\valet-parking-app\server\routes\carsRoute.js:3:24)
    at Module._compile (node:internal/modules/cjs/loader:1254:14)
--- undefined error ---


--- undefined error ---
[undefined]error uncaughtException: Cannot read properties of undefined (reading 'length')
stack: TypeError: Cannot read properties of undefined (reading 'length')
    at pathtoRegexp (C:\Users\cybre\Documents\valet-parking-app\server\node_modules\path-to-regexp\index.js:63:49)
    at new Layer (C:\Users\cybre\Documents\valet-parking-app\server\node_modules\express\lib\router\layer.js:45:17)
    at Function.route (C:\Users\cybre\Documents\valet-parking-app\server\node_modules\express\lib\router\index.js:505:15)
    at app.<computed> [as patch] (C:\Users\cybre\Documents\valet-parking-app\server\node_modules\express\lib\application.js:498:30)
    at Object.<anonymous> (C:\Users\cybre\Documents\valet-parking-app\server\routes\carsRoute.js:11:8)
    at Module._compile (node:internal/modules/cjs/loader:1254:14)
    at Module._extensions..js (node:internal/modules/cjs/loader:1308:10)
    at Module.load (node:internal/modules/cjs/loader:1117:32)
    at Module._load (node:internal/modules/cjs/loader:958:12)
    at Module.require (node:internal/modules/cjs/loader:1141:19)
--- undefined error ---


--- undefined error ---
[undefined]error uncaughtException: addLo is not defined
stack: ReferenceError: addLo is not defined
    at Object.<anonymous> (C:\Users\cybre\Documents\valet-parking-app\server\controllers\carsController.js:27:9)
    at Module._compile (node:internal/modules/cjs/loader:1254:14)
    at Module._extensions..js (node:internal/modules/cjs/loader:1308:10)
    at Module.load (node:internal/modules/cjs/loader:1117:32)
    at Module._load (node:internal/modules/cjs/loader:958:12)
    at Module.require (node:internal/modules/cjs/loader:1141:19)
    at require (node:internal/modules/cjs/helpers:110:18)
    at Object.<anonymous> (C:\Users\cybre\Documents\valet-parking-app\server\routes\carsRoute.js:3:24)
    at Module._compile (node:internal/modules/cjs/loader:1254:14)
    at Module._extensions..js (node:internal/modules/cjs/loader:1308:10)
--- undefined error ---


--- undefined error ---
[undefined]error uncaughtException: assignCarLotLocation is not defined
stack: ReferenceError: assignCarLotLocation is not defined
    at Object.<anonymous> (C:\Users\cybre\Documents\valet-parking-app\server\controllers\carsController.js:27:9)
    at Module._compile (node:internal/modules/cjs/loader:1254:14)
    at Module._extensions..js (node:internal/modules/cjs/loader:1308:10)
    at Module.load (node:internal/modules/cjs/loader:1117:32)
    at Module._load (node:internal/modules/cjs/loader:958:12)
    at Module.require (node:internal/modules/cjs/loader:1141:19)
    at require (node:internal/modules/cjs/helpers:110:18)
    at Object.<anonymous> (C:\Users\cybre\Documents\valet-parking-app\server\routes\carsRoute.js:3:24)
    at Module._compile (node:internal/modules/cjs/loader:1254:14)
    at Module._extensions..js (node:internal/modules/cjs/loader:1308:10)
--- undefined error ---


--- undefined error ---
[undefined]error uncaughtException: Unexpected token '}'
stack: C:\Users\cybre\Documents\valet-parking-app\server\controllers\carsController.js:28
    }
    ^

SyntaxError: Unexpected token '}'
    at internalCompileFunction (node:internal/vm:73:18)
    at wrapSafe (node:internal/modules/cjs/loader:1176:20)
    at Module._compile (node:internal/modules/cjs/loader:1218:27)
    at Module._extensions..js (node:internal/modules/cjs/loader:1308:10)
    at Module.load (node:internal/modules/cjs/loader:1117:32)
    at Module._load (node:internal/modules/cjs/loader:958:12)
    at Module.require (node:internal/modules/cjs/loader:1141:19)
    at require (node:internal/modules/cjs/helpers:110:18)
    at Object.<anonymous> (C:\Users\cybre\Documents\valet-parking-app\server\routes\carsRoute.js:3:24)
    at Module._compile (node:internal/modules/cjs/loader:1254:14)
--- undefined error ---


--- undefined error ---
[undefined]error uncaughtException: Unexpected token '}'
stack: C:\Users\cybre\Documents\valet-parking-app\server\controllers\carsController.js:28
    }
    ^

SyntaxError: Unexpected token '}'
    at internalCompileFunction (node:internal/vm:73:18)
    at wrapSafe (node:internal/modules/cjs/loader:1176:20)
    at Module._compile (node:internal/modules/cjs/loader:1218:27)
    at Module._extensions..js (node:internal/modules/cjs/loader:1308:10)
    at Module.load (node:internal/modules/cjs/loader:1117:32)
    at Module._load (node:internal/modules/cjs/loader:958:12)
    at Module.require (node:internal/modules/cjs/loader:1141:19)
    at require (node:internal/modules/cjs/helpers:110:18)
    at Object.<anonymous> (C:\Users\cybre\Documents\valet-parking-app\server\routes\carsRoute.js:3:24)
    at Module._compile (node:internal/modules/cjs/loader:1254:14)
--- undefined error ---


--- undefined error ---
[undefined]error uncaughtException: Unexpected token '}'
stack: C:\Users\cybre\Documents\valet-parking-app\server\controllers\carsController.js:29
        }
        ^

SyntaxError: Unexpected token '}'
    at internalCompileFunction (node:internal/vm:73:18)
    at wrapSafe (node:internal/modules/cjs/loader:1176:20)
    at Module._compile (node:internal/modules/cjs/loader:1218:27)
    at Module._extensions..js (node:internal/modules/cjs/loader:1308:10)
    at Module.load (node:internal/modules/cjs/loader:1117:32)
    at Module._load (node:internal/modules/cjs/loader:958:12)
    at Module.require (node:internal/modules/cjs/loader:1141:19)
    at require (node:internal/modules/cjs/helpers:110:18)
    at Object.<anonymous> (C:\Users\cybre\Documents\valet-parking-app\server\routes\carsRoute.js:3:24)
    at Module._compile (node:internal/modules/cjs/loader:1254:14)
--- undefined error ---


--- undefined error ---
[undefined]error uncaughtException: Missing initializer in destructuring declaration
stack: C:\Users\cybre\Documents\valet-parking-app\server\controllers\carsController.js:28
            const {}
                  ^^

SyntaxError: Missing initializer in destructuring declaration
    at internalCompileFunction (node:internal/vm:73:18)
    at wrapSafe (node:internal/modules/cjs/loader:1176:20)
    at Module._compile (node:internal/modules/cjs/loader:1218:27)
    at Module._extensions..js (node:internal/modules/cjs/loader:1308:10)
    at Module.load (node:internal/modules/cjs/loader:1117:32)
    at Module._load (node:internal/modules/cjs/loader:958:12)
    at Module.require (node:internal/modules/cjs/loader:1141:19)
    at require (node:internal/modules/cjs/helpers:110:18)
    at Object.<anonymous> (C:\Users\cybre\Documents\valet-parking-app\server\routes\carsRoute.js:3:24)
    at Module._compile (node:internal/modules/cjs/loader:1254:14)
--- undefined error ---


--- undefined error ---
[undefined]error uncaughtException: await is only valid in async functions and the top level bodies of modules
stack: C:\Users\cybre\Documents\valet-parking-app\server\controllers\carsController.js:30
            let carIsInSystem = await Car.findOne({ phone, make, model });
                                ^^^^^

SyntaxError: await is only valid in async functions and the top level bodies of modules
    at internalCompileFunction (node:internal/vm:73:18)
    at wrapSafe (node:internal/modules/cjs/loader:1176:20)
    at Module._compile (node:internal/modules/cjs/loader:1218:27)
    at Module._extensions..js (node:internal/modules/cjs/loader:1308:10)
    at Module.load (node:internal/modules/cjs/loader:1117:32)
    at Module._load (node:internal/modules/cjs/loader:958:12)
    at Module.require (node:internal/modules/cjs/loader:1141:19)
    at require (node:internal/modules/cjs/helpers:110:18)
    at Object.<anonymous> (C:\Users\cybre\Documents\valet-parking-app\server\routes\carsRoute.js:3:24)
    at Module._compile (node:internal/modules/cjs/loader:1254:14)
--- undefined error ---


--- undefined error ---
[undefined]error uncaughtException: let is disallowed as a lexically bound name
stack: C:\Users\cybre\Documents\valet-parking-app\server\controllers\carsController.js:31
            let carIsInSystem = await Car.findOne({ phone, make, model });
            ^^^

SyntaxError: let is disallowed as a lexically bound name
    at internalCompileFunction (node:internal/vm:73:18)
    at wrapSafe (node:internal/modules/cjs/loader:1176:20)
    at Module._compile (node:internal/modules/cjs/loader:1218:27)
    at Module._extensions..js (node:internal/modules/cjs/loader:1308:10)
    at Module.load (node:internal/modules/cjs/loader:1117:32)
    at Module._load (node:internal/modules/cjs/loader:958:12)
    at Module.require (node:internal/modules/cjs/loader:1141:19)
    at require (node:internal/modules/cjs/helpers:110:18)
    at Object.<anonymous> (C:\Users\cybre\Documents\valet-parking-app\server\routes\carsRoute.js:3:24)
    at Module._compile (node:internal/modules/cjs/loader:1254:14)
--- undefined error ---


--- undefined error ---
[undefined]error uncaughtException: Missing initializer in destructuring declaration
stack: C:\Users\cybre\Documents\valet-parking-app\server\controllers\carsController.js:29
            const {id}
                  ^^^^

SyntaxError: Missing initializer in destructuring declaration
    at internalCompileFunction (node:internal/vm:73:18)
    at wrapSafe (node:internal/modules/cjs/loader:1176:20)
    at Module._compile (node:internal/modules/cjs/loader:1218:27)
    at Module._extensions..js (node:internal/modules/cjs/loader:1308:10)
    at Module.load (node:internal/modules/cjs/loader:1117:32)
    at Module._load (node:internal/modules/cjs/loader:958:12)
    at Module.require (node:internal/modules/cjs/loader:1141:19)
    at require (node:internal/modules/cjs/helpers:110:18)
    at Object.<anonymous> (C:\Users\cybre\Documents\valet-parking-app\server\routes\carsRoute.js:3:24)
    at Module._compile (node:internal/modules/cjs/loader:1254:14)
--- undefined error ---


--- undefined error ---
[undefined]error uncaughtException: Unexpected identifier
stack: C:\Users\cybre\Documents\valet-parking-app\server\controllers\carsController.js:35
            awiat carIsInSystem.save
                  ^^^^^^^^^^^^^

SyntaxError: Unexpected identifier
    at internalCompileFunction (node:internal/vm:73:18)
    at wrapSafe (node:internal/modules/cjs/loader:1176:20)
    at Module._compile (node:internal/modules/cjs/loader:1218:27)
    at Module._extensions..js (node:internal/modules/cjs/loader:1308:10)
    at Module.load (node:internal/modules/cjs/loader:1117:32)
    at Module._load (node:internal/modules/cjs/loader:958:12)
    at Module.require (node:internal/modules/cjs/loader:1141:19)
    at require (node:internal/modules/cjs/helpers:110:18)
    at Object.<anonymous> (C:\Users\cybre\Documents\valet-parking-app\server\routes\carsRoute.js:3:24)
    at Module._compile (node:internal/modules/cjs/loader:1254:14)
--- undefined error ---

